<?xml version="1.0" encoding="UTF-8"?>
<!-- Generated by org.testng.reporters.JUnitReportReporter -->
<testsuite hostname="LIN66011991" failures="0" tests="2" name="testCases.TC001_AccountRegistrationTest" time="8.661" errors="0" timestamp="2024-09-18T17:08:57 IST" skipped="0">
  <testcase classname="testCases.TC001_AccountRegistrationTest" name="verify_account_registration" time="5.749"/>
  <system-out/>
  <testcase classname="testCases.TC001_AccountRegistrationTest" name="verify_account_registration" time="2.912"/>
  <system-out/>
</testsuite> <!-- testCases.TC001_AccountRegistrationTest -->
