<?xml version="1.0" encoding="UTF-8"?>
<!-- Generated by org.testng.reporters.JUnitReportReporter -->
<testsuite hostname="LIN66011991" failures="0" tests="1" name="testCases.TC001_AccountRegistrationTest" time="3.336" errors="0" timestamp="2024-08-30T20:18:39 IST" skipped="0">
  <testcase classname="testCases.TC001_AccountRegistrationTest" name="verify_account_registration" time="3.336"/>
  <system-out/>
</testsuite> <!-- testCases.TC001_AccountRegistrationTest -->
