<?xml version="1.0" encoding="UTF-8"?>
<!-- Generated by org.testng.reporters.JUnitReportReporter -->
<testsuite hostname="LIN66011991" failures="0" tests="1" name="testCases.TC002_LoginTest" time="1.759" errors="0" timestamp="2024-09-18T17:10:05 IST" skipped="0">
  <testcase classname="testCases.TC002_LoginTest" name="verify_login" time="1.759"/>
  <system-out/>
</testsuite> <!-- testCases.TC002_LoginTest -->
