<?xml version="1.0" encoding="UTF-8"?>
<!-- Generated by org.testng.reporters.JUnitReportReporter -->
<testsuite hostname="LIN66011991" failures="0" tests="1" name="superkeywordpractice.PS1" time="0.020" errors="0" timestamp="2024-06-14T20:25:22 IST" skipped="0">
  <testcase classname="superkeywordpractice.PS1" name="testRun" time="0.020"/>
</testsuite> <!-- superkeywordpractice.PS1 -->
