<?xml version="1.0" encoding="UTF-8"?>
<!-- Generated by org.testng.reporters.JUnitReportReporter -->
<testsuite hostname="LIN66011991" failures="0" tests="2" name="groupingtest.LoginTests" time="0.017" errors="0" timestamp="2024-07-29T13:52:09 IST" skipped="0">
  <testcase classname="groupingtest.LoginTests" name="loginByEmail" time="0.016"/>
  <system-out/>
  <testcase classname="groupingtest.LoginTests" name="loginByFaceBook" time="0.001"/>
  <system-out/>
</testsuite> <!-- groupingtest.LoginTests -->
