<?xml version="1.0" encoding="UTF-8"?>
<!-- Generated by org.testng.reporters.JUnitReportReporter -->
<testsuite hostname="LIN66011991" failures="0" tests="6" name="testannotationspractice.TestCase1_BeforeAfterMethod" time="0.033" errors="0" timestamp="2024-07-19T19:18:29 IST" skipped="0">
  <testcase classname="testannotationspractice.TestCase1_BeforeAfterMethod" name="search" time="0.002"/>
  <system-out/>
  <testcase classname="testannotationspractice.TestCase1_BeforeAfterMethod" name="search" time="0.002"/>
  <system-out/>
  <testcase classname="testannotationspractice.TestCase1_BeforeAfterMethod" name="search" time="0.015"/>
  <system-out/>
  <testcase classname="testannotationspractice.TestCase1_BeforeAfterMethod" name="Advancedsearch" time="0.011"/>
  <system-out/>
  <testcase classname="testannotationspractice.TestCase1_BeforeAfterMethod" name="Advancedsearch" time="0.002"/>
  <system-out/>
  <testcase classname="testannotationspractice.TestCase1_BeforeAfterMethod" name="Advancedsearch" time="0.001"/>
  <system-out/>
</testsuite> <!-- testannotationspractice.TestCase1_BeforeAfterMethod -->
