<?xml version="1.0" encoding="UTF-8"?>
<!-- Generated by org.testng.reporters.JUnitReportReporter -->
<testsuite hostname="LIN66011991" failures="0" tests="4" name="parallelbrowsertesting.ParallelTesting" time="0.309" errors="0" timestamp="2024-08-02T18:01:12 IST" skipped="0">
  <testcase classname="parallelbrowsertesting.ParallelTesting" name="LogoTest" time="0.060"/>
  <system-out/>
  <testcase classname="parallelbrowsertesting.ParallelTesting" name="accountTest" time="0.047"/>
  <system-out/>
  <testcase classname="parallelbrowsertesting.ParallelTesting" name="LogoTest" time="0.118"/>
  <system-out/>
  <testcase classname="parallelbrowsertesting.ParallelTesting" name="accountTest" time="0.084"/>
  <system-out/>
</testsuite> <!-- parallelbrowsertesting.ParallelTesting -->
