<?xml version="1.0" encoding="UTF-8"?>
<!-- Generated by org.testng.reporters.JUnitReportReporter -->
<testsuite hostname="LIN66011991" failures="0" tests="1" name="testannotationspractice.TestCase3_BeforeAfterTest" time="0.001" errors="0" timestamp="2024-07-19T19:18:29 IST" skipped="0">
  <testcase classname="testannotationspractice.TestCase3_BeforeAfterTest" name="beforeAftertestPractice" time="0.001"/>
  <system-out/>
</testsuite> <!-- testannotationspractice.TestCase3_BeforeAfterTest -->
