<?xml version="1.0" encoding="UTF-8"?>
<!-- Generated by org.testng.reporters.JUnitReportReporter -->
<testsuite hostname="LIN66011991" failures="0" tests="3" name="testmethodspractice.TestCase2_BeforeAfterClass" time="0.030" errors="0" timestamp="2024-07-19T16:44:12 IST" skipped="0">
  <testcase classname="testmethodspractice.TestCase2_BeforeAfterClass" name="search" time="0.021"/>
  <system-out/>
  <testcase classname="testmethodspractice.TestCase2_BeforeAfterClass" name="Advancedsearch" time="0.004"/>
  <system-out/>
  <testcase classname="testmethodspractice.TestCase2_BeforeAfterClass" name="Advancedsearch1" time="0.005"/>
  <system-out/>
</testsuite> <!-- testmethodspractice.TestCase2_BeforeAfterClass -->
