<?xml version="1.0" encoding="UTF-8"?>
<!-- Generated by org.testng.reporters.JUnitReportReporter -->
<testsuite hostname="LIN66011991" failures="0" tests="4" name="testannotationspractice.TestCase2_BeforeAfterClass" time="0.003" errors="0" timestamp="2024-07-19T19:18:29 IST" skipped="0">
  <testcase classname="testannotationspractice.TestCase2_BeforeAfterClass" name="search" time="0.000"/>
  <system-out/>
  <testcase classname="testannotationspractice.TestCase2_BeforeAfterClass" name="search" time="0.002"/>
  <system-out/>
  <testcase classname="testannotationspractice.TestCase2_BeforeAfterClass" name="Advancedsearch" time="0.000"/>
  <system-out/>
  <testcase classname="testannotationspractice.TestCase2_BeforeAfterClass" name="Advancedsearch" time="0.001"/>
  <system-out/>
</testsuite> <!-- testannotationspractice.TestCase2_BeforeAfterClass -->
