<?xml version="1.0" encoding="UTF-8"?>
<!-- Generated by org.testng.reporters.JUnitReportReporter -->
<testsuite hostname="LIN66011991" failures="0" tests="1" name="test.day2" time="0.002" errors="0" timestamp="2024-07-19T19:16:13 IST" skipped="0">
  <testcase classname="test.day2" name="testMethod" time="0.002"/>
  <system-out/>
</testsuite> <!-- test.day2 -->
