<?xml version="1.0" encoding="UTF-8"?>
<!-- Generated by org.testng.reporters.JUnitReportReporter -->
<testsuite hostname="LIN66011991" failures="0" tests="2" name="parallelbrowsertesting.parallel" time="0.142" errors="0" timestamp="2024-08-02T17:03:12 IST" skipped="0">
  <testcase classname="parallelbrowsertesting.parallel" name="accountTest" time="0.075"/>
  <system-out/>
  <testcase classname="parallelbrowsertesting.parallel" name="LogoTest" time="0.067"/>
  <system-out/>
</testsuite> <!-- parallelbrowsertesting.parallel -->
