<?xml version="1.0" encoding="UTF-8"?>
<!-- Generated by org.testng.reporters.JUnitReportReporter -->
<testsuite hostname="LIN66011991" failures="0" tests="1" name="groupingtest.Payments" time="0.013" errors="0" timestamp="2024-07-30T13:22:41 IST" skipped="0">
  <testcase classname="groupingtest.Payments" name="paymentinRupees" time="0.013"/>
  <system-out/>
</testsuite> <!-- groupingtest.Payments -->
