<?xml version="1.0" encoding="UTF-8"?>
<!-- Generated by org.testng.reporters.JUnitReportReporter -->
<testsuite hostname="LIN66011991" failures="0" tests="2" name="groupingtest.SignUpTests" time="0.004" errors="0" timestamp="2024-07-30T13:22:12 IST" skipped="0">
  <testcase classname="groupingtest.SignUpTests" name="SignUpByEmail" time="0.002"/>
  <system-out/>
  <testcase classname="groupingtest.SignUpTests" name="SignUpByFaceBook" time="0.002"/>
  <system-out/>
</testsuite> <!-- groupingtest.SignUpTests -->
