<?xml version="1.0" encoding="UTF-8"?>
<!-- Generated by org.testng.reporters.JUnitReportReporter -->
<testsuite hostname="LIN66011991" failures="0" tests="1" name="pageobjectmodel.Login_Test" time="4.883" errors="0" timestamp="2024-07-29T12:28:39 IST" skipped="0">
  <testcase classname="pageobjectmodel.Login_Test" name="testLogin" time="4.883"/>
  <system-out/>
</testsuite> <!-- pageobjectmodel.Login_Test -->
