<?xml version="1.0" encoding="UTF-8"?>
<!-- Generated by org.testng.reporters.JUnitReportReporter -->
<testsuite hostname="LIN66011991" failures="0" tests="1" name="pageobjectmodel.LoginTest" time="14.953" errors="0" timestamp="2024-07-25T14:39:52 IST" skipped="0">
  <testcase classname="pageobjectmodel.LoginTest" name="testLogin" time="14.953"/>
  <system-out/>
</testsuite> <!-- pageobjectmodel.LoginTest -->
