<?xml version="1.0" encoding="UTF-8"?>
<!-- Generated by org.testng.reporters.JUnitReportReporter -->
<testsuite hostname="LIN66011991" failures="0" tests="1" name="test.day1" time="0.022" errors="0" timestamp="2024-07-19T19:16:13 IST" skipped="0">
  <testcase classname="test.day1" name="testMethod" time="0.022"/>
  <system-out/>
</testsuite> <!-- test.day1 -->
