<?xml version="1.0" encoding="UTF-8"?>
<!-- Generated by org.testng.reporters.JUnitReportReporter -->
<testsuite hostname="LIN66011991" failures="0" tests="2" name="testmethodspractice.TestMethodCase1" time="0.021" errors="0" timestamp="2024-07-19T16:41:40 IST" skipped="0">
  <testcase classname="testmethodspractice.TestMethodCase1" name="search" time="0.018"/>
  <system-out/>
  <testcase classname="testmethodspractice.TestMethodCase1" name="Advancedsearch" time="0.003"/>
  <system-out/>
</testsuite> <!-- testmethodspractice.TestMethodCase1 -->
